<?xml version="1.0" encoding="UTF-8"?>
<!-- Generated by org.testng.reporters.JUnitReportReporter -->
<testsuite skipped="0" hostname="DESKTOP-1GNGFLF" name="openMrs.openMRSrunner" tests="5" failures="0" timestamp="11 Oct 2021 06:17:28 GMT" time="42.569" errors="0">
  <testcase name="runScenario" time="4.435" classname="openMrs.openMRSrunner"/>
  <testcase name="runScenario" time="2.250" classname="openMrs.openMRSrunner"/>
  <testcase name="runScenario" time="12.812" classname="openMrs.openMRSrunner"/>
  <testcase name="runScenario" time="7.555" classname="openMrs.openMRSrunner"/>
  <testcase name="runScenario" time="15.517" classname="openMrs.openMRSrunner"/>
</testsuite> <!-- openMrs.openMRSrunner -->
