<?xml version="1.0" encoding="UTF-8"?>
<!-- Generated by org.testng.reporters.JUnitReportReporter -->
<testsuite hostname="DESKTOP-1FQC2AD" failures="0" tests="5" name="testsuitebddjpet.Jpet_testrunner" time="20.831" errors="0" timestamp="10 Oct 2021 13:44:22 GMT" skipped="0">
  <testcase classname="testsuitebddjpet.Jpet_testrunner" name="runScenario" time="4.316"/>
  <testcase classname="testsuitebddjpet.Jpet_testrunner" name="runScenario" time="2.992"/>
  <testcase classname="testsuitebddjpet.Jpet_testrunner" name="runScenario" time="1.274"/>
  <testcase classname="testsuitebddjpet.Jpet_testrunner" name="runScenario" time="4.327"/>
  <testcase classname="testsuitebddjpet.Jpet_testrunner" name="runScenario" time="7.922"/>
</testsuite> <!-- testsuitebddjpet.Jpet_testrunner -->
